WpfSurface Information: 0 : Starting trace services
WpfSurface Error: 0 :    at System.Environment.get_StackTrace()
   at Keyrita.Util.LTrace.Assert(Boolean condition, String msg) in C:\Users\Bryce\source\repos\Keyrita\Util\LTrace.cs:line 67
   at Keyrita.Util.LTrace.Assert(Boolean condition) in C:\Users\Bryce\source\repos\Keyrita\Util\LTrace.cs:line 77
   at Keyrita.SetComboBox.set_Setting(EnumValueSetting value) in C:\Users\Bryce\source\repos\Keyrita\Controls\SetComboBox.xaml.cs:line 74
   at System.RuntimeMethodHandle.InvokeMethod(Object target, Span`1& arguments, Signature sig, Boolean constructor, Boolean wrapExceptions)
   at System.Reflection.RuntimeMethodInfo.Invoke(Object obj, BindingFlags invokeAttr, Binder binder, Object[] parameters, CultureInfo culture)
   at System.Reflection.MethodBase.Invoke(Object obj, Object[] parameters)
   at Microsoft.VisualStudio.DesignTools.WpfTap.WpfVisualTreeService.TypeServices.TapProperty.<>c__DisplayClass55_0.<SetClrValue>b__0()
   at Microsoft.VisualStudio.DesignTools.TapContract.ExceptionSuppressor.SuppressDebuggerExceptionPopup(Action action)
   at Microsoft.VisualStudio.DesignTools.WpfTap.WpfVisualTreeService.TypeServices.TapProperty.SetClrValue(Object target, Object value)
   at Microsoft.VisualStudio.DesignTools.WpfTap.WpfVisualTreeService.TypeServices.TapProperty.SetValueDirect(Object target, Object value)
   at Microsoft.VisualStudio.DesignTools.WpfTap.WpfVisualTreeService.TypeServices.TapProperty.SetValue(Object target, Object value)
   at Microsoft.VisualStudio.DesignTools.WpfTap.WpfVisualTreeService.XamlGraph.PropertyMutator.UpdateHead(Object tail, Object head)
   at Microsoft.VisualStudio.DesignTools.WpfTap.WpfVisualTreeService.XamlGraph.Edge.UpdateHead(Node newHead)
   at Microsoft.VisualStudio.DesignTools.WpfTap.WpfVisualTreeService.LiveMarkup.TapInstanceManager.ClearProperty(TapInstanceBuilderContext context, Node parent, ITapProperty property, Boolean useDefaultValue)
   at Microsoft.VisualStudio.XSurface.Wpf.DesignerTapInstanceManager.ClearProperty(TapInstanceBuilderContext context, Node parent, ITapProperty property, Boolean useDefaultValue)
   at Microsoft.VisualStudio.XSurface.Wpf.DesignerTapInstanceManager.SetProperty(TapInstanceBuilderContext context, XamlAction xamlAction)
   at Microsoft.VisualStudio.DesignTools.WpfTap.WpfVisualTreeService.LiveMarkup.TapInstanceManager.ProcessCurrentThreadActions(TapInstanceBuilderContext context)
   at Microsoft.VisualStudio.DesignTools.WpfTap.WpfVisualTreeService.LiveMarkup.TapInstanceManager.UpdateInstances(TapInstanceBuilderContext context)
   at Microsoft.VisualStudio.XSurface.Wpf.DesignerTapInstanceManager.UpdateInstances(TapInstanceBuilderContext context)
   at Microsoft.VisualStudio.XSurface.Wpf.DesignerTapInstanceManager.Build(TapDocument document, Object root)
   at Microsoft.VisualStudio.XSurface.Wpf.Tap.SurfaceService.InstanceBuildDocumentInternal(Int32 documentId, Object rootObject)
   at Microsoft.VisualStudio.XSurface.Wpf.Tap.SurfaceService.BuildDocument(TapDocument document)
   at Microsoft.VisualStudio.XSurface.Wpf.Tap.SurfaceService.HandleCreateSurfaceInternal(CreateSurfaceRequestInfo requestInfo)
   at Microsoft.VisualStudio.XSurface.Wpf.Tap.SurfaceService.<>c__DisplayClass28_0.<HandleCreateSurface>b__0()
   at System.Windows.Threading.DispatcherOperation`1.InvokeDelegateCore()
   at System.Windows.Threading.DispatcherOperation.InvokeImpl()
   at System.Windows.Threading.DispatcherOperation.InvokeInSecurityContext(Object state)
   at MS.Internal.CulturePreservingExecutionContext.CallbackWrapper(Object obj)
   at System.Threading.ExecutionContext.RunInternal(ExecutionContext executionContext, ContextCallback callback, Object state)
   at System.Threading.ExecutionContext.Run(ExecutionContext executionContext, ContextCallback callback, Object state)
   at MS.Internal.CulturePreservingExecutionContext.Run(CulturePreservingExecutionContext executionContext, ContextCallback callback, Object state)
   at System.Windows.Threading.DispatcherOperation.Invoke()
   at System.Windows.Threading.Dispatcher.ProcessQueue()
   at System.Windows.Threading.Dispatcher.WndProcHook(IntPtr hwnd, Int32 msg, IntPtr wParam, IntPtr lParam, Boolean& handled)
   at MS.Win32.HwndWrapper.WndProc(IntPtr hwnd, Int32 msg, IntPtr wParam, IntPtr lParam, Boolean& handled)
   at MS.Win32.HwndSubclass.DispatcherCallbackOperation(Object o)
   at System.Windows.Threading.ExceptionWrapper.InternalRealCall(Delegate callback, Object args, Int32 numArgs)
   at System.Windows.Threading.ExceptionWrapper.TryCatchWhen(Object source, Delegate callback, Object args, Int32 numArgs, Delegate catchHandler)
   at System.Windows.Threading.Dispatcher.LegacyInvokeImpl(DispatcherPriority priority, TimeSpan timeout, Delegate method, Object args, Int32 numArgs)
   at MS.Win32.HwndSubclass.SubclassWndProc(IntPtr hwnd, Int32 msg, IntPtr wParam, IntPtr lParam)
   at MS.Win32.UnsafeNativeMethods.DispatchMessage(MSG& msg)
   at MS.Win32.UnsafeNativeMethods.DispatchMessage(MSG& msg)
   at System.Windows.Threading.Dispatcher.PushFrameImpl(DispatcherFrame frame)
   at System.Windows.Threading.Dispatcher.PushFrame(DispatcherFrame frame)
   at System.Windows.Threading.Dispatcher.Run()
   at System.Windows.Application.RunDispatcher(Object ignore)
   at System.Windows.Application.RunInternal(Window window)
   at System.Windows.Application.Run()
   at Microsoft.VisualStudio.XSurface.Wpf.WpfSurfaceApp.Main(String[] args)
WpfSurface Error: 0 :    at System.Environment.get_StackTrace()
   at Keyrita.Util.LTrace.Assert(Boolean condition, String msg) in C:\Users\Bryce\source\repos\Keyrita\Util\LTrace.cs:line 67
   at Keyrita.Util.LTrace.Assert(Boolean condition) in C:\Users\Bryce\source\repos\Keyrita\Util\LTrace.cs:line 77
   at Keyrita.SetComboBox.set_Setting(EnumValueSetting value) in C:\Users\Bryce\source\repos\Keyrita\Controls\SetComboBox.xaml.cs:line 74
   at System.RuntimeMethodHandle.InvokeMethod(Object target, Span`1& arguments, Signature sig, Boolean constructor, Boolean wrapExceptions)
   at System.Reflection.RuntimeMethodInfo.Invoke(Object obj, BindingFlags invokeAttr, Binder binder, Object[] parameters, CultureInfo culture)
   at System.Reflection.MethodBase.Invoke(Object obj, Object[] parameters)
   at Microsoft.VisualStudio.DesignTools.WpfTap.WpfVisualTreeService.TypeServices.TapProperty.<>c__DisplayClass55_0.<SetClrValue>b__0()
   at Microsoft.VisualStudio.DesignTools.TapContract.ExceptionSuppressor.SuppressDebuggerExceptionPopup(Action action)
   at Microsoft.VisualStudio.DesignTools.WpfTap.WpfVisualTreeService.TypeServices.TapProperty.SetClrValue(Object target, Object value)
   at Microsoft.VisualStudio.DesignTools.WpfTap.WpfVisualTreeService.TypeServices.TapProperty.SetValueDirect(Object target, Object value)
   at Microsoft.VisualStudio.DesignTools.WpfTap.WpfVisualTreeService.TypeServices.TapProperty.SetValue(Object target, Object value)
   at Microsoft.VisualStudio.DesignTools.WpfTap.WpfVisualTreeService.XamlGraph.PropertyMutator.UpdateHead(Object tail, Object head)
   at Microsoft.VisualStudio.DesignTools.WpfTap.WpfVisualTreeService.XamlGraph.Edge.UpdateHead(Node newHead)
   at Microsoft.VisualStudio.DesignTools.WpfTap.WpfVisualTreeService.LiveMarkup.TapInstanceManager.ClearProperty(TapInstanceBuilderContext context, Node parent, ITapProperty property, Boolean useDefaultValue)
   at Microsoft.VisualStudio.XSurface.Wpf.DesignerTapInstanceManager.ClearProperty(TapInstanceBuilderContext context, Node parent, ITapProperty property, Boolean useDefaultValue)
   at Microsoft.VisualStudio.XSurface.Wpf.DesignerTapInstanceManager.SetProperty(TapInstanceBuilderContext context, XamlAction xamlAction)
   at Microsoft.VisualStudio.DesignTools.WpfTap.WpfVisualTreeService.LiveMarkup.TapInstanceManager.ProcessCurrentThreadActions(TapInstanceBuilderContext context)
   at Microsoft.VisualStudio.DesignTools.WpfTap.WpfVisualTreeService.LiveMarkup.TapInstanceManager.UpdateInstances(TapInstanceBuilderContext context)
   at Microsoft.VisualStudio.XSurface.Wpf.DesignerTapInstanceManager.UpdateInstances(TapInstanceBuilderContext context)
   at Microsoft.VisualStudio.XSurface.Wpf.DesignerTapInstanceManager.Build(TapDocument document, Object root)
   at Microsoft.VisualStudio.XSurface.Wpf.Tap.SurfaceService.InstanceBuildDocumentInternal(Int32 documentId, Object rootObject)
   at Microsoft.VisualStudio.XSurface.Wpf.Tap.SurfaceService.BuildDocument(TapDocument document)
   at Microsoft.VisualStudio.XSurface.Wpf.Tap.SurfaceService.HandleCreateSurfaceInternal(CreateSurfaceRequestInfo requestInfo)
   at Microsoft.VisualStudio.XSurface.Wpf.Tap.SurfaceService.<>c__DisplayClass28_0.<HandleCreateSurface>b__0()
   at System.Windows.Threading.DispatcherOperation`1.InvokeDelegateCore()
   at System.Windows.Threading.DispatcherOperation.InvokeImpl()
   at System.Windows.Threading.DispatcherOperation.InvokeInSecurityContext(Object state)
   at MS.Internal.CulturePreservingExecutionContext.CallbackWrapper(Object obj)
   at System.Threading.ExecutionContext.RunInternal(ExecutionContext executionContext, ContextCallback callback, Object state)
   at System.Threading.ExecutionContext.Run(ExecutionContext executionContext, ContextCallback callback, Object state)
   at MS.Internal.CulturePreservingExecutionContext.Run(CulturePreservingExecutionContext executionContext, ContextCallback callback, Object state)
   at System.Windows.Threading.DispatcherOperation.Invoke()
   at System.Windows.Threading.Dispatcher.ProcessQueue()
   at System.Windows.Threading.Dispatcher.WndProcHook(IntPtr hwnd, Int32 msg, IntPtr wParam, IntPtr lParam, Boolean& handled)
   at MS.Win32.HwndWrapper.WndProc(IntPtr hwnd, Int32 msg, IntPtr wParam, IntPtr lParam, Boolean& handled)
   at MS.Win32.HwndSubclass.DispatcherCallbackOperation(Object o)
   at System.Windows.Threading.ExceptionWrapper.InternalRealCall(Delegate callback, Object args, Int32 numArgs)
   at System.Windows.Threading.ExceptionWrapper.TryCatchWhen(Object source, Delegate callback, Object args, Int32 numArgs, Delegate catchHandler)
   at System.Windows.Threading.Dispatcher.LegacyInvokeImpl(DispatcherPriority priority, TimeSpan timeout, Delegate method, Object args, Int32 numArgs)
   at MS.Win32.HwndSubclass.SubclassWndProc(IntPtr hwnd, Int32 msg, IntPtr wParam, IntPtr lParam)
   at MS.Win32.UnsafeNativeMethods.DispatchMessage(MSG& msg)
   at MS.Win32.UnsafeNativeMethods.DispatchMessage(MSG& msg)
   at System.Windows.Threading.Dispatcher.PushFrameImpl(DispatcherFrame frame)
   at System.Windows.Threading.Dispatcher.PushFrame(DispatcherFrame frame)
   at System.Windows.Threading.Dispatcher.Run()
   at System.Windows.Application.RunDispatcher(Object ignore)
   at System.Windows.Application.RunInternal(Window window)
   at System.Windows.Application.Run()
   at Microsoft.VisualStudio.XSurface.Wpf.WpfSurfaceApp.Main(String[] args)
WpfSurface Information: 0 : Starting trace services
WpfSurface Error: 0 :    at System.Environment.get_StackTrace()
   at Keyrita.Util.LTrace.Assert(Boolean condition, String msg) in C:\Users\Bryce\source\repos\Keyrita\Util\LTrace.cs:line 67
   at Keyrita.Util.LTrace.Assert(Boolean condition) in C:\Users\Bryce\source\repos\Keyrita\Util\LTrace.cs:line 77
   at Keyrita.SetComboBox.set_Setting(EnumValueSetting value) in C:\Users\Bryce\source\repos\Keyrita\Controls\SetComboBox.xaml.cs:line 74
   at System.RuntimeMethodHandle.InvokeMethod(Object target, Span`1& arguments, Signature sig, Boolean constructor, Boolean wrapExceptions)
   at System.Reflection.RuntimeMethodInfo.Invoke(Object obj, BindingFlags invokeAttr, Binder binder, Object[] parameters, CultureInfo culture)
   at System.Reflection.MethodBase.Invoke(Object obj, Object[] parameters)
   at Microsoft.VisualStudio.DesignTools.WpfTap.WpfVisualTreeService.TypeServices.TapProperty.<>c__DisplayClass55_0.<SetClrValue>b__0()
   at Microsoft.VisualStudio.DesignTools.TapContract.ExceptionSuppressor.SuppressDebuggerExceptionPopup(Action action)
   at Microsoft.VisualStudio.DesignTools.WpfTap.WpfVisualTreeService.TypeServices.TapProperty.SetClrValue(Object target, Object value)
   at Microsoft.VisualStudio.DesignTools.WpfTap.WpfVisualTreeService.TypeServices.TapProperty.SetValueDirect(Object target, Object value)
   at Microsoft.VisualStudio.DesignTools.WpfTap.WpfVisualTreeService.TypeServices.TapProperty.SetValue(Object target, Object value)
   at Microsoft.VisualStudio.DesignTools.WpfTap.WpfVisualTreeService.XamlGraph.PropertyMutator.UpdateHead(Object tail, Object head)
   at Microsoft.VisualStudio.DesignTools.WpfTap.WpfVisualTreeService.XamlGraph.Edge.UpdateHead(Node newHead)
   at Microsoft.VisualStudio.DesignTools.WpfTap.WpfVisualTreeService.LiveMarkup.TapInstanceManager.ClearProperty(TapInstanceBuilderContext context, Node parent, ITapProperty property, Boolean useDefaultValue)
   at Microsoft.VisualStudio.XSurface.Wpf.DesignerTapInstanceManager.ClearProperty(TapInstanceBuilderContext context, Node parent, ITapProperty property, Boolean useDefaultValue)
   at Microsoft.VisualStudio.XSurface.Wpf.DesignerTapInstanceManager.SetProperty(TapInstanceBuilderContext context, XamlAction xamlAction)
   at Microsoft.VisualStudio.DesignTools.WpfTap.WpfVisualTreeService.LiveMarkup.TapInstanceManager.ProcessCurrentThreadActions(TapInstanceBuilderContext context)
   at Microsoft.VisualStudio.DesignTools.WpfTap.WpfVisualTreeService.LiveMarkup.TapInstanceManager.UpdateInstances(TapInstanceBuilderContext context)
   at Microsoft.VisualStudio.XSurface.Wpf.DesignerTapInstanceManager.UpdateInstances(TapInstanceBuilderContext context)
   at Microsoft.VisualStudio.XSurface.Wpf.DesignerTapInstanceManager.Build(TapDocument document, Object root)
   at Microsoft.VisualStudio.XSurface.Wpf.Tap.SurfaceService.InstanceBuildDocumentInternal(Int32 documentId, Object rootObject)
   at Microsoft.VisualStudio.XSurface.Wpf.Tap.SurfaceService.BuildDocument(TapDocument document)
   at Microsoft.VisualStudio.XSurface.Wpf.Tap.SurfaceService.HandleCreateSurfaceInternal(CreateSurfaceRequestInfo requestInfo)
   at Microsoft.VisualStudio.XSurface.Wpf.Tap.SurfaceService.<>c__DisplayClass28_0.<HandleCreateSurface>b__0()
   at System.Windows.Threading.DispatcherOperation`1.InvokeDelegateCore()
   at System.Windows.Threading.DispatcherOperation.InvokeImpl()
   at System.Windows.Threading.DispatcherOperation.InvokeInSecurityContext(Object state)
   at MS.Internal.CulturePreservingExecutionContext.CallbackWrapper(Object obj)
   at System.Threading.ExecutionContext.RunInternal(ExecutionContext executionContext, ContextCallback callback, Object state)
   at System.Threading.ExecutionContext.Run(ExecutionContext executionContext, ContextCallback callback, Object state)
   at MS.Internal.CulturePreservingExecutionContext.Run(CulturePreservingExecutionContext executionContext, ContextCallback callback, Object state)
   at System.Windows.Threading.DispatcherOperation.Invoke()
   at System.Windows.Threading.Dispatcher.ProcessQueue()
   at System.Windows.Threading.Dispatcher.WndProcHook(IntPtr hwnd, Int32 msg, IntPtr wParam, IntPtr lParam, Boolean& handled)
   at MS.Win32.HwndWrapper.WndProc(IntPtr hwnd, Int32 msg, IntPtr wParam, IntPtr lParam, Boolean& handled)
   at MS.Win32.HwndSubclass.DispatcherCallbackOperation(Object o)
   at System.Windows.Threading.ExceptionWrapper.InternalRealCall(Delegate callback, Object args, Int32 numArgs)
   at System.Windows.Threading.ExceptionWrapper.TryCatchWhen(Object source, Delegate callback, Object args, Int32 numArgs, Delegate catchHandler)
   at System.Windows.Threading.Dispatcher.LegacyInvokeImpl(DispatcherPriority priority, TimeSpan timeout, Delegate method, Object args, Int32 numArgs)
   at MS.Win32.HwndSubclass.SubclassWndProc(IntPtr hwnd, Int32 msg, IntPtr wParam, IntPtr lParam)
   at MS.Win32.UnsafeNativeMethods.DispatchMessage(MSG& msg)
   at MS.Win32.UnsafeNativeMethods.DispatchMessage(MSG& msg)
   at System.Windows.Threading.Dispatcher.PushFrameImpl(DispatcherFrame frame)
   at System.Windows.Threading.Dispatcher.PushFrame(DispatcherFrame frame)
   at System.Windows.Threading.Dispatcher.Run()
   at System.Windows.Application.RunDispatcher(Object ignore)
   at System.Windows.Application.RunInternal(Window window)
   at System.Windows.Application.Run()
   at Microsoft.VisualStudio.XSurface.Wpf.WpfSurfaceApp.Main(String[] args)
WpfSurface Error: 0 :    at System.Environment.get_StackTrace()
   at Keyrita.Util.LTrace.Assert(Boolean condition, String msg) in C:\Users\Bryce\source\repos\Keyrita\Util\LTrace.cs:line 67
   at Keyrita.Util.LTrace.Assert(Boolean condition) in C:\Users\Bryce\source\repos\Keyrita\Util\LTrace.cs:line 77
   at Keyrita.SetComboBox.set_Setting(EnumValueSetting value) in C:\Users\Bryce\source\repos\Keyrita\Controls\SetComboBox.xaml.cs:line 74
   at System.RuntimeMethodHandle.InvokeMethod(Object target, Span`1& arguments, Signature sig, Boolean constructor, Boolean wrapExceptions)
   at System.Reflection.RuntimeMethodInfo.Invoke(Object obj, BindingFlags invokeAttr, Binder binder, Object[] parameters, CultureInfo culture)
   at System.Reflection.MethodBase.Invoke(Object obj, Object[] parameters)
   at Microsoft.VisualStudio.DesignTools.WpfTap.WpfVisualTreeService.TypeServices.TapProperty.<>c__DisplayClass55_0.<SetClrValue>b__0()
   at Microsoft.VisualStudio.DesignTools.TapContract.ExceptionSuppressor.SuppressDebuggerExceptionPopup(Action action)
   at Microsoft.VisualStudio.DesignTools.WpfTap.WpfVisualTreeService.TypeServices.TapProperty.SetClrValue(Object target, Object value)
   at Microsoft.VisualStudio.DesignTools.WpfTap.WpfVisualTreeService.TypeServices.TapProperty.SetValueDirect(Object target, Object value)
   at Microsoft.VisualStudio.DesignTools.WpfTap.WpfVisualTreeService.TypeServices.TapProperty.SetValue(Object target, Object value)
   at Microsoft.VisualStudio.DesignTools.WpfTap.WpfVisualTreeService.XamlGraph.PropertyMutator.UpdateHead(Object tail, Object head)
   at Microsoft.VisualStudio.DesignTools.WpfTap.WpfVisualTreeService.XamlGraph.Edge.UpdateHead(Node newHead)
   at Microsoft.VisualStudio.DesignTools.WpfTap.WpfVisualTreeService.LiveMarkup.TapInstanceManager.ClearProperty(TapInstanceBuilderContext context, Node parent, ITapProperty property, Boolean useDefaultValue)
   at Microsoft.VisualStudio.XSurface.Wpf.DesignerTapInstanceManager.ClearProperty(TapInstanceBuilderContext context, Node parent, ITapProperty property, Boolean useDefaultValue)
   at Microsoft.VisualStudio.XSurface.Wpf.DesignerTapInstanceManager.SetProperty(TapInstanceBuilderContext context, XamlAction xamlAction)
   at Microsoft.VisualStudio.DesignTools.WpfTap.WpfVisualTreeService.LiveMarkup.TapInstanceManager.ProcessCurrentThreadActions(TapInstanceBuilderContext context)
   at Microsoft.VisualStudio.DesignTools.WpfTap.WpfVisualTreeService.LiveMarkup.TapInstanceManager.UpdateInstances(TapInstanceBuilderContext context)
   at Microsoft.VisualStudio.XSurface.Wpf.DesignerTapInstanceManager.UpdateInstances(TapInstanceBuilderContext context)
   at Microsoft.VisualStudio.XSurface.Wpf.DesignerTapInstanceManager.Build(TapDocument document, Object root)
   at Microsoft.VisualStudio.XSurface.Wpf.Tap.SurfaceService.InstanceBuildDocumentInternal(Int32 documentId, Object rootObject)
   at Microsoft.VisualStudio.XSurface.Wpf.Tap.SurfaceService.BuildDocument(TapDocument document)
   at Microsoft.VisualStudio.XSurface.Wpf.Tap.SurfaceService.HandleCreateSurfaceInternal(CreateSurfaceRequestInfo requestInfo)
   at Microsoft.VisualStudio.XSurface.Wpf.Tap.SurfaceService.<>c__DisplayClass28_0.<HandleCreateSurface>b__0()
   at System.Windows.Threading.DispatcherOperation`1.InvokeDelegateCore()
   at System.Windows.Threading.DispatcherOperation.InvokeImpl()
   at System.Windows.Threading.DispatcherOperation.InvokeInSecurityContext(Object state)
   at MS.Internal.CulturePreservingExecutionContext.CallbackWrapper(Object obj)
   at System.Threading.ExecutionContext.RunInternal(ExecutionContext executionContext, ContextCallback callback, Object state)
   at System.Threading.ExecutionContext.Run(ExecutionContext executionContext, ContextCallback callback, Object state)
   at MS.Internal.CulturePreservingExecutionContext.Run(CulturePreservingExecutionContext executionContext, ContextCallback callback, Object state)
   at System.Windows.Threading.DispatcherOperation.Invoke()
   at System.Windows.Threading.Dispatcher.ProcessQueue()
   at System.Windows.Threading.Dispatcher.WndProcHook(IntPtr hwnd, Int32 msg, IntPtr wParam, IntPtr lParam, Boolean& handled)
   at MS.Win32.HwndWrapper.WndProc(IntPtr hwnd, Int32 msg, IntPtr wParam, IntPtr lParam, Boolean& handled)
   at MS.Win32.HwndSubclass.DispatcherCallbackOperation(Object o)
   at System.Windows.Threading.ExceptionWrapper.InternalRealCall(Delegate callback, Object args, Int32 numArgs)
   at System.Windows.Threading.ExceptionWrapper.TryCatchWhen(Object source, Delegate callback, Object args, Int32 numArgs, Delegate catchHandler)
   at System.Windows.Threading.Dispatcher.LegacyInvokeImpl(DispatcherPriority priority, TimeSpan timeout, Delegate method, Object args, Int32 numArgs)
   at MS.Win32.HwndSubclass.SubclassWndProc(IntPtr hwnd, Int32 msg, IntPtr wParam, IntPtr lParam)
   at MS.Win32.UnsafeNativeMethods.DispatchMessage(MSG& msg)
   at MS.Win32.UnsafeNativeMethods.DispatchMessage(MSG& msg)
   at System.Windows.Threading.Dispatcher.PushFrameImpl(DispatcherFrame frame)
   at System.Windows.Threading.Dispatcher.PushFrame(DispatcherFrame frame)
   at System.Windows.Threading.Dispatcher.Run()
   at System.Windows.Application.RunDispatcher(Object ignore)
   at System.Windows.Application.RunInternal(Window window)
   at System.Windows.Application.Run()
   at Microsoft.VisualStudio.XSurface.Wpf.WpfSurfaceApp.Main(String[] args)
